{"timestamp": "2026-06-13T07:16:35.898915+00:00", "level": "INFO", "service": "auth_service", "event": "service_started", "data": {"host": "127.0.0.1", "port": 8001}}
{"timestamp": "2026-06-13T07:18:16.798548+00:00", "level": "INFO", "service": "auth_service", "event": "login_failed", "data": {"login": "admin"}}
{"timestamp": "2026-06-13T07:18:26.965792+00:00", "level": "INFO", "service": "auth_service", "event": "login_failed", "data": {"login": "admin"}}
{"timestamp": "2026-06-13T07:18:27.631408+00:00", "level": "INFO", "service": "auth_service", "event": "login_failed", "data": {"login": "admin"}}
{"timestamp": "2026-06-13T07:18:27.929911+00:00", "level": "INFO", "service": "auth_service", "event": "login_failed", "data": {"login": "admin"}}
{"timestamp": "2026-06-13T07:18:28.112668+00:00", "level": "INFO", "service": "auth_service", "event": "login_failed", "data": {"login": "admin"}}
{"timestamp": "2026-06-13T07:18:47.845808+00:00", "level": "INFO", "service": "auth_service", "event": "login_success", "data": {"login": "analyste", "role": "analyst", "token": "izSD0-nJ...(masque, 43 car.)"}}
{"timestamp": "2026-06-13T07:23:55.904770+00:00", "level": "INFO", "service": "auth_service", "event": "login_success", "data": {"login": "admin", "role": "admin", "token": "eYRNQYbB...(masque, 43 car.)"}}
{"timestamp": "2026-06-13T07:26:35.607547+00:00", "level": "INFO", "service": "auth_service", "event": "service_stopping"}
{"timestamp": "2026-06-13T07:28:18.176426+00:00", "level": "INFO", "service": "auth_service", "event": "service_started", "data": {"host": "127.0.0.1", "port": 8001}}
{"timestamp": "2026-06-13T07:29:00.871904+00:00", "level": "INFO", "service": "auth_service", "event": "login_success", "data": {"login": "analyste", "role": "analyst", "token": "N9nzigaf...(masque, 43 car.)"}}
{"timestamp": "2026-06-13T07:46:01.119451+00:00", "level": "INFO", "service": "auth_service", "event": "service_started", "data": {"host": "127.0.0.1", "port": 8001}}
{"timestamp": "2026-06-13T07:46:35.036525+00:00", "level": "INFO", "service": "auth_service", "event": "login_success", "data": {"login": "analyste", "role": "analyst", "token": "ipqvMzgi...(masque, 43 car.)"}}
{"timestamp": "2026-06-13T07:47:20.877748+00:00", "level": "INFO", "service": "auth_service", "event": "logout", "data": {"token": "ipqvMzgi...(masque, 43 car.)"}}
{"timestamp": "2026-06-13T07:47:36.725809+00:00", "level": "INFO", "service": "auth_service", "event": "login_success", "data": {"login": "admin", "role": "admin", "token": "87f2etRr...(masque, 43 car.)"}}
{"timestamp": "2026-06-13T08:09:40.524246+00:00", "level": "INFO", "service": "auth_service", "event": "login_success", "data": {"login": "analyste", "role": "analyst", "token": "y2KWu7cs...(masque, 43 car.)"}}
{"timestamp": "2026-06-13T10:12:53.333126+00:00", "level": "INFO", "service": "auth_service", "event": "login_failed", "data": {"login": "analyste"}}
{"timestamp": "2026-06-13T10:12:56.617160+00:00", "level": "INFO", "service": "auth_service", "event": "login_failed", "data": {"login": "analyste"}}
{"timestamp": "2026-06-13T10:12:56.814580+00:00", "level": "INFO", "service": "auth_service", "event": "login_failed", "data": {"login": "analyste"}}
{"timestamp": "2026-06-13T10:12:56.999990+00:00", "level": "INFO", "service": "auth_service", "event": "login_failed", "data": {"login": "analyste"}}
{"timestamp": "2026-06-13T10:12:57.215684+00:00", "level": "INFO", "service": "auth_service", "event": "login_failed", "data": {"login": "analyste"}}
{"timestamp": "2026-06-13T10:13:03.457645+00:00", "level": "INFO", "service": "auth_service", "event": "login_failed", "data": {"login": "analyste"}}
{"timestamp": "2026-06-13T10:13:57.150199+00:00", "level": "INFO", "service": "auth_service", "event": "login_success", "data": {"login": "admin", "role": "admin", "token": "4yWh0q1W...(masque, 43 car.)"}}
{"timestamp": "2026-06-13T10:14:24.820840+00:00", "level": "INFO", "service": "auth_service", "event": "logout", "data": {"token": "4yWh0q1W...(masque, 43 car.)"}}
{"timestamp": "2026-06-13T10:14:37.002173+00:00", "level": "INFO", "service": "auth_service", "event": "login_success", "data": {"login": "analyste", "role": "analyst", "token": "-e_Z4vnk...(masque, 43 car.)"}}
{"timestamp": "2026-06-13T10:22:49.614763+00:00", "level": "INFO", "service": "auth_service", "event": "logout", "data": {"token": "-e_Z4vnk...(masque, 43 car.)"}}
{"timestamp": "2026-06-13T10:23:45.747141+00:00", "level": "INFO", "service": "auth_service", "event": "service_started", "data": {"host": "127.0.0.1", "port": 8001}}
{"timestamp": "2026-06-13T10:23:55.423069+00:00", "level": "INFO", "service": "auth_service", "event": "login_success", "data": {"login": "analyste", "role": "analyst", "token": "Mzby6m5q...(masque, 43 car.)"}}
{"timestamp": "2026-06-13T10:23:58.862238+00:00", "level": "INFO", "service": "auth_service", "event": "logout", "data": {"token": "Mzby6m5q...(masque, 43 car.)"}}
{"timestamp": "2026-06-13T10:24:34.830710+00:00", "level": "INFO", "service": "auth_service", "event": "service_stopping"}
{"timestamp": "2026-06-13T10:26:58.910983+00:00", "level": "INFO", "service": "auth_service", "event": "service_started", "data": {"host": "127.0.0.1", "port": 8001}}
{"timestamp": "2026-06-13T10:27:33.349000+00:00", "level": "INFO", "service": "auth_service", "event": "login_success", "data": {"login": "admin", "role": "admin", "token": "XsHV0D5V...(masque, 43 car.)"}}
{"timestamp": "2026-06-13T13:21:07.285412+00:00", "level": "INFO", "service": "auth_service", "event": "logout", "data": {"token": "XsHV0D5V...(masque, 43 car.)"}}
{"timestamp": "2026-06-13T13:21:25.443273+00:00", "level": "INFO", "service": "auth_service", "event": "login_success", "data": {"login": "admin", "role": "admin", "token": "-FgjZfMt...(masque, 43 car.)"}}
{"timestamp": "2026-06-13T15:27:25.296458+00:00", "level": "ERROR", "service": "auth_service", "event": "internal_error", "data": {"path": "/verify", "type": "OperationalError"}, "exception": "Traceback (most recent call last):\n  File \"/Users/yassine/Downloads/phishing-platform/common/service_base.py\", line 110, in _handle\n  File \"/Users/yassine/Downloads/phishing-platform/auth_service/server.py\", line 52, in verify\n  File \"/Users/yassine/Downloads/phishing-platform/auth_service/repository.py\", line 70, in lookup_session\n  File \"/usr/local/Cellar/python@3.14/3.14.2_1/Frameworks/Python.framework/Versions/3.14/lib/python3.14/contextlib.py\", line 141, in __enter__\n    return next(self.gen)\n  File \"/Users/yassine/Downloads/phishing-platform/common/database.py\", line 70, in get_connection\nsqlite3.OperationalError: unable to open database file"}
{"timestamp": "2026-06-13T15:27:33.437764+00:00", "level": "ERROR", "service": "auth_service", "event": "internal_error", "data": {"path": "/verify", "type": "OperationalError"}, "exception": "Traceback (most recent call last):\n  File \"/Users/yassine/Downloads/phishing-platform/common/service_base.py\", line 110, in _handle\n  File \"/Users/yassine/Downloads/phishing-platform/auth_service/server.py\", line 52, in verify\n  File \"/Users/yassine/Downloads/phishing-platform/auth_service/repository.py\", line 70, in lookup_session\n  File \"/usr/local/Cellar/python@3.14/3.14.2_1/Frameworks/Python.framework/Versions/3.14/lib/python3.14/contextlib.py\", line 141, in __enter__\n    return next(self.gen)\n  File \"/Users/yassine/Downloads/phishing-platform/common/database.py\", line 70, in get_connection\nsqlite3.OperationalError: unable to open database file"}
{"timestamp": "2026-06-13T15:27:43.189878+00:00", "level": "ERROR", "service": "auth_service", "event": "internal_error", "data": {"path": "/verify", "type": "OperationalError"}, "exception": "Traceback (most recent call last):\n  File \"/Users/yassine/Downloads/phishing-platform/common/service_base.py\", line 110, in _handle\n  File \"/Users/yassine/Downloads/phishing-platform/auth_service/server.py\", line 52, in verify\n  File \"/Users/yassine/Downloads/phishing-platform/auth_service/repository.py\", line 70, in lookup_session\n  File \"/usr/local/Cellar/python@3.14/3.14.2_1/Frameworks/Python.framework/Versions/3.14/lib/python3.14/contextlib.py\", line 141, in __enter__\n    return next(self.gen)\n  File \"/Users/yassine/Downloads/phishing-platform/common/database.py\", line 70, in get_connection\nsqlite3.OperationalError: unable to open database file"}
{"timestamp": "2026-06-13T15:27:45.764073+00:00", "level": "ERROR", "service": "auth_service", "event": "internal_error", "data": {"path": "/verify", "type": "OperationalError"}, "exception": "Traceback (most recent call last):\n  File \"/Users/yassine/Downloads/phishing-platform/common/service_base.py\", line 110, in _handle\n  File \"/Users/yassine/Downloads/phishing-platform/auth_service/server.py\", line 52, in verify\n  File \"/Users/yassine/Downloads/phishing-platform/auth_service/repository.py\", line 70, in lookup_session\n  File \"/usr/local/Cellar/python@3.14/3.14.2_1/Frameworks/Python.framework/Versions/3.14/lib/python3.14/contextlib.py\", line 141, in __enter__\n    return next(self.gen)\n  File \"/Users/yassine/Downloads/phishing-platform/common/database.py\", line 70, in get_connection\nsqlite3.OperationalError: unable to open database file"}
